<?xml version="1.0" encoding="UTF-8"?>
<!-- Generated by org.testng.reporters.JUnitReportReporter -->
<testsuite hostname="DESKTOP-T5VT6DO" failures="0" tests="11" name="TestLayer.ContactPageTest" time="34.794" errors="0" timestamp="2023-07-27T15:19:12 IST" skipped="0">
  <testcase classname="TestLayer.ContactPageTest" name="validateContactForm" time="3.199"/>
  <testcase classname="TestLayer.ContactPageTest" name="validateContactForm" time="3.614"/>
  <testcase classname="TestLayer.ContactPageTest" name="validateContactForm" time="3.117"/>
  <testcase classname="TestLayer.ContactPageTest" name="validateContactForm" time="3.203"/>
  <testcase classname="TestLayer.ContactPageTest" name="validateContactForm" time="3.080"/>
  <testcase classname="TestLayer.ContactPageTest" name="validateContactForm" time="3.126"/>
  <testcase classname="TestLayer.ContactPageTest" name="validateContactForm" time="3.054"/>
  <testcase classname="TestLayer.ContactPageTest" name="validateContactForm" time="3.149"/>
  <testcase classname="TestLayer.ContactPageTest" name="validateContactForm" time="3.088"/>
  <testcase classname="TestLayer.ContactPageTest" name="validateContactForm" time="3.085"/>
  <testcase classname="TestLayer.ContactPageTest" name="validateContactForm" time="3.079"/>
</testsuite> <!-- TestLayer.ContactPageTest -->
