<?xml version="1.0" encoding="UTF-8"?>
<!-- Generated by org.testng.reporters.JUnitReportReporter -->
<testsuite hostname="DESKTOP-T5VT6DO" failures="0" tests="1" name="TestLayer.LoginPageTest" time="0.335" errors="0" timestamp="2023-07-27T15:19:12 IST" skipped="0">
  <testcase classname="TestLayer.LoginPageTest" name="logIntoPage" time="0.335"/>
</testsuite> <!-- TestLayer.LoginPageTest -->
