<?xml version="1.0" encoding="UTF-8"?>
<!-- Generated by org.testng.reporters.JUnitReportReporter -->
<testsuite hostname="DESKTOP-T5VT6DO" failures="0" tests="4" name="TestLayer.HomePageTest" time="4.066" errors="0" timestamp="2023-07-27T15:19:12 IST" skipped="0">
  <testcase classname="TestLayer.HomePageTest" name="waitingTime" time="4.018"/>
  <testcase classname="TestLayer.HomePageTest" name="validatePageTitle" time="0.009"/>
  <testcase classname="TestLayer.HomePageTest" name="vlaidateHomeURL" time="0.008"/>
  <testcase classname="TestLayer.HomePageTest" name="verifyLogoC" time="0.031"/>
</testsuite> <!-- TestLayer.HomePageTest -->
